-------------------------------------------------------------------------------
Test set: se.nackademin.rest.test.PutTest
-------------------------------------------------------------------------------
Tests run: 14, Failures: 1, Errors: 0, Skipped: 0, Time elapsed: 1.511 sec <<< FAILURE! - in se.nackademin.rest.test.PutTest
testInvalidPutBookWithNewAuthorNotPreviouslyExistingInSystem(se.nackademin.rest.test.PutTest)  Time elapsed: 0.015 sec  <<< FAILURE!
java.lang.AssertionError: The status code should be: 400 expected:<400> but was:<200>
	at org.junit.Assert.fail(Assert.java:88)
	at org.junit.Assert.failNotEquals(Assert.java:834)
	at org.junit.Assert.assertEquals(Assert.java:645)
	at se.nackademin.rest.test.PutTest.testInvalidPutBookWithNewAuthorNotPreviouslyExistingInSystem(PutTest.java:134)

